This is pdfTeX, Version 3.1415926-2.4-1.40.13 (TeX Live 2012) (format=pdflatex 2012.6.30)  24 APR 2013 20:30
entering extended mode
 restricted \write18 enabled.
 %&-line parsing enabled.
**jdowns-thesisdraft-april24.tex
(./jdowns-thesisdraft-april24.tex
LaTeX2e <2011/06/27>
Babel <v3.8m> and hyphenation patterns for english, dumylang, nohyphenation, ge
rman-x-2012-05-30, ngerman-x-2012-05-30, afrikaans, ancientgreek, ibycus, arabi
c, armenian, basque, bulgarian, catalan, pinyin, coptic, croatian, czech, danis
h, dutch, ukenglish, usenglishmax, esperanto, estonian, ethiopic, farsi, finnis
h, french, friulan, galician, german, ngerman, swissgerman, monogreek, greek, h
ungarian, icelandic, assamese, bengali, gujarati, hindi, kannada, malayalam, ma
rathi, oriya, panjabi, tamil, telugu, indonesian, interlingua, irish, italian, 
kurmanji, latin, latvian, lithuanian, mongolian, mongolianlmc, bokmal, nynorsk,
 polish, portuguese, romanian, romansh, russian, sanskrit, serbian, serbianc, s
lovak, slovenian, spanish, swedish, turkish, turkmen, ukrainian, uppersorbian, 
welsh, loaded.
(/usr/local/texlive/2012/texmf-dist/tex/latex/base/report.cls
Document Class: report 2007/10/19 v1.4h Standard LaTeX document class
(/usr/local/texlive/2012/texmf-dist/tex/latex/base/size12.clo
File: size12.clo 2007/10/19 v1.4h Standard LaTeX file (size option)
)
\c@part=\count79
\c@chapter=\count80
\c@section=\count81
\c@subsection=\count82
\c@subsubsection=\count83
\c@paragraph=\count84
\c@subparagraph=\count85
\c@figure=\count86
\c@table=\count87
\abovecaptionskip=\skip41
\belowcaptionskip=\skip42
\bibindent=\dimen102
)
(/usr/local/texlive/2012/texmf-dist/tex/latex/geometry/geometry.sty
Package: geometry 2010/09/12 v5.6 Page Geometry

(/usr/local/texlive/2012/texmf-dist/tex/latex/graphics/keyval.sty
Package: keyval 1999/03/16 v1.13 key=value parser (DPC)
\KV@toks@=\toks14
)
(/usr/local/texlive/2012/texmf-dist/tex/generic/oberdiek/ifpdf.sty
Package: ifpdf 2011/01/30 v2.3 Provides the ifpdf switch (HO)
Package ifpdf Info: pdfTeX in PDF mode is detected.
)
(/usr/local/texlive/2012/texmf-dist/tex/generic/oberdiek/ifvtex.sty
Package: ifvtex 2010/03/01 v1.5 Detect VTeX and its facilities (HO)
Package ifvtex Info: VTeX not detected.
)
(/usr/local/texlive/2012/texmf-dist/tex/generic/ifxetex/ifxetex.sty
Package: ifxetex 2010/09/12 v0.6 Provides ifxetex conditional
)
\Gm@cnth=\count88
\Gm@cntv=\count89
\c@Gm@tempcnt=\count90
\Gm@bindingoffset=\dimen103
\Gm@wd@mp=\dimen104
\Gm@odd@mp=\dimen105
\Gm@even@mp=\dimen106
\Gm@layoutwidth=\dimen107
\Gm@layoutheight=\dimen108
\Gm@layouthoffset=\dimen109
\Gm@layoutvoffset=\dimen110
\Gm@dimlist=\toks15
)
(/usr/local/texlive/2012/texmf-dist/tex/latex/setspace/setspace.sty
Package: setspace 2011/12/19 v6.7a set line spacing
)
(/usr/local/texlive/2012/texmf-dist/tex/latex/concmath/concmath.sty
Package: concmath 1999/03/10 v2.0b LaTeX package for Concrete math fonts
LaTeX Font Info:    Redeclaring symbol font `operators' on input line 43.
LaTeX Font Info:    Overwriting symbol font `operators' in version `normal'
(Font)                  OT1/cmr/m/n --> OT1/ccr/m/n on input line 43.
LaTeX Font Info:    Overwriting symbol font `operators' in version `bold'
(Font)                  OT1/cmr/bx/n --> OT1/ccr/m/n on input line 43.
LaTeX Font Info:    Redeclaring symbol font `letters' on input line 44.
LaTeX Font Info:    Overwriting symbol font `letters' in version `normal'
(Font)                  OML/cmm/m/it --> OML/ccm/m/it on input line 44.
LaTeX Font Info:    Overwriting symbol font `letters' in version `bold'
(Font)                  OML/cmm/b/it --> OML/ccm/m/it on input line 44.
LaTeX Font Info:    Redeclaring symbol font `symbols' on input line 45.
LaTeX Font Info:    Overwriting symbol font `symbols' in version `normal'
(Font)                  OMS/cmsy/m/n --> OMS/ccsy/m/n on input line 45.
LaTeX Font Info:    Overwriting symbol font `symbols' in version `bold'
(Font)                  OMS/cmsy/b/n --> OMS/ccsy/m/n on input line 45.
LaTeX Font Info:    Redeclaring symbol font `largesymbols' on input line 46.
LaTeX Font Info:    Overwriting symbol font `largesymbols' in version `normal'
(Font)                  OMX/cmex/m/n --> OMX/ccex/m/n on input line 46.
LaTeX Font Info:    Overwriting symbol font `largesymbols' in version `bold'
(Font)                  OMX/cmex/m/n --> OMX/ccex/m/n on input line 46.
LaTeX Font Info:    Overwriting symbol font `operators' in version `bold'
(Font)                  OT1/ccr/m/n --> OT1/ccr/bx/n on input line 47.
LaTeX Font Info:    Overwriting symbol font `letters' in version `bold'
(Font)                  OML/ccm/m/it --> OML/ccm/b/it on input line 48.
LaTeX Font Info:    Overwriting symbol font `symbols' in version `bold'
(Font)                  OMS/ccsy/m/n --> OMS/ccsy/b/n on input line 49.
LaTeX Font Info:    Redeclaring math alphabet \mathbf on input line 53.
LaTeX Font Info:    Overwriting math alphabet `\mathbf' in version `normal'
(Font)                  OT1/cmr/bx/n --> OT1/ccr/bx/n on input line 53.
LaTeX Font Info:    Overwriting math alphabet `\mathbf' in version `bold'
(Font)                  OT1/cmr/bx/n --> OT1/ccr/bx/n on input line 53.
LaTeX Font Info:    Redeclaring math alphabet \mathit on input line 54.
LaTeX Font Info:    Overwriting math alphabet `\mathit' in version `normal'
(Font)                  OT1/cmr/m/it --> OT1/ccr/m/it on input line 54.
LaTeX Font Info:    Overwriting math alphabet `\mathit' in version `bold'
(Font)                  OT1/cmr/bx/it --> OT1/ccr/m/it on input line 54.
)
(/usr/local/texlive/2012/texmf-dist/tex/latex/base/fontenc.sty
Package: fontenc 2005/09/27 v1.99g Standard LaTeX package

(/usr/local/texlive/2012/texmf-dist/tex/latex/base/t1enc.def
File: t1enc.def 2005/09/27 v1.99g Standard LaTeX file
LaTeX Font Info:    Redeclaring font encoding T1 on input line 43.
))
(/usr/local/texlive/2012/texmf-dist/tex/latex/amsfonts/amssymb.sty
Package: amssymb 2009/06/22 v3.00

(/usr/local/texlive/2012/texmf-dist/tex/latex/amsfonts/amsfonts.sty
Package: amsfonts 2009/06/22 v3.00 Basic AMSFonts support
\@emptytoks=\toks16
\symAMSa=\mathgroup4
\symAMSb=\mathgroup5
LaTeX Font Info:    Overwriting math alphabet `\mathfrak' in version `bold'
(Font)                  U/euf/m/n --> U/euf/b/n on input line 96.
))
(/usr/local/texlive/2012/texmf-dist/tex/latex/amsmath/amsmath.sty
Package: amsmath 2000/07/18 v2.13 AMS math features
\@mathmargin=\skip43

For additional information on amsmath, use the `?' option.
(/usr/local/texlive/2012/texmf-dist/tex/latex/amsmath/amstext.sty
Package: amstext 2000/06/29 v2.01

(/usr/local/texlive/2012/texmf-dist/tex/latex/amsmath/amsgen.sty
File: amsgen.sty 1999/11/30 v2.0
\@emptytoks=\toks17
\ex@=\dimen111
))
(/usr/local/texlive/2012/texmf-dist/tex/latex/amsmath/amsbsy.sty
Package: amsbsy 1999/11/29 v1.2d
\pmbraise@=\dimen112
)
(/usr/local/texlive/2012/texmf-dist/tex/latex/amsmath/amsopn.sty
Package: amsopn 1999/12/14 v2.01 operator names
)
\inf@bad=\count91
LaTeX Info: Redefining \frac on input line 211.
\uproot@=\count92
\leftroot@=\count93
LaTeX Info: Redefining \overline on input line 307.
\classnum@=\count94
\DOTSCASE@=\count95
LaTeX Info: Redefining \ldots on input line 379.
LaTeX Info: Redefining \dots on input line 382.
LaTeX Info: Redefining \cdots on input line 467.
\Mathstrutbox@=\box26
\strutbox@=\box27
\big@size=\dimen113
LaTeX Font Info:    Redeclaring font encoding OML on input line 567.
LaTeX Font Info:    Redeclaring font encoding OMS on input line 568.
\macc@depth=\count96
\c@MaxMatrixCols=\count97
\dotsspace@=\muskip10
\c@parentequation=\count98
\dspbrk@lvl=\count99
\tag@help=\toks18
\row@=\count100
\column@=\count101
\maxfields@=\count102
\andhelp@=\toks19
\eqnshift@=\dimen114
\alignsep@=\dimen115
\tagshift@=\dimen116
\tagwidth@=\dimen117
\totwidth@=\dimen118
\lineht@=\dimen119
\@envbody=\toks20
\multlinegap=\skip44
\multlinetaggap=\skip45
\mathdisplay@stack=\toks21
LaTeX Info: Redefining \[ on input line 2666.
LaTeX Info: Redefining \] on input line 2667.
)
(/usr/local/texlive/2012/texmf-dist/tex/latex/algorithms/algorithm.sty
Package: algorithm 2009/08/24 v0.1 Document Style `algorithm' - floating enviro
nment

(/usr/local/texlive/2012/texmf-dist/tex/latex/float/float.sty
Package: float 2001/11/08 v1.3d Float enhancements (AL)
\c@float@type=\count103
\float@exts=\toks22
\float@box=\box28
\@float@everytoks=\toks23
\@floatcapt=\box29
)
(/usr/local/texlive/2012/texmf-dist/tex/latex/base/ifthen.sty
Package: ifthen 2001/05/26 v1.1c Standard LaTeX ifthen package (DPC)
)
\@float@every@algorithm=\toks24
\c@algorithm=\count104
)
(/usr/local/texlive/2012/texmf-dist/tex/latex/algorithmicx/algpseudocode.sty
Package: algpseudocode 

(/usr/local/texlive/2012/texmf-dist/tex/latex/algorithmicx/algorithmicx.sty
Package: algorithmicx 2005/04/27 v1.2 Algorithmicx

Document Style algorithmicx 1.2 - a greatly improved `algorithmic' style
\c@ALG@line=\count105
\c@ALG@rem=\count106
\c@ALG@nested=\count107
\ALG@tlm=\skip46
\ALG@thistlm=\skip47
\c@ALG@Lnr=\count108
\c@ALG@blocknr=\count109
\c@ALG@storecount=\count110
\c@ALG@tmpcounter=\count111
\ALG@tmplength=\skip48
)
Document Style - pseudocode environments for use with the `algorithmicx' style
) (./jdowns-thesisdraft-april24.aux

LaTeX Warning: Label `obs_stepA' multiply defined.

)
\openout1 = `jdowns-thesisdraft-april24.aux'.

LaTeX Font Info:    Checking defaults for OML/cmm/m/it on input line 14.
LaTeX Font Info:    ... okay on input line 14.
LaTeX Font Info:    Checking defaults for T1/cmr/m/n on input line 14.
LaTeX Font Info:    ... okay on input line 14.
LaTeX Font Info:    Checking defaults for OT1/cmr/m/n on input line 14.
LaTeX Font Info:    ... okay on input line 14.
LaTeX Font Info:    Checking defaults for OMS/cmsy/m/n on input line 14.
LaTeX Font Info:    ... okay on input line 14.
LaTeX Font Info:    Checking defaults for OMX/cmex/m/n on input line 14.
LaTeX Font Info:    ... okay on input line 14.
LaTeX Font Info:    Checking defaults for U/cmr/m/n on input line 14.
LaTeX Font Info:    ... okay on input line 14.
LaTeX Font Info:    Try loading font information for T1+ccr on input line 14.
 (/usr/local/texlive/2012/texmf-dist/tex/latex/ccfonts/t1ccr.fd
File: t1ccr.fd 1999/11/22 v1.0a (WaS)
)
*geometry* driver: auto-detecting
*geometry* detected driver: pdftex
*geometry* verbose mode - [ preamble ] result:
* driver: pdftex
* paper: <default>
* layout: <same size as paper>
* layoutoffset:(h,v)=(0.0pt,0.0pt)
* modes: includefoot 
* h-part:(L,W,R)=(108.405pt, 415.55249pt, 90.33751pt)
* v-part:(T,H,B)=(72.26999pt, 650.43pt, 72.27pt)
* \paperwidth=614.295pt
* \paperheight=794.96999pt
* \textwidth=415.55249pt
* \textheight=620.43pt
* \oddsidemargin=36.13501pt
* \evensidemargin=36.13501pt
* \topmargin=-37.0pt
* \headheight=12.0pt
* \headsep=25.0pt
* \topskip=12.0pt
* \footskip=30.0pt
* \marginparwidth=44.0pt
* \marginparsep=10.0pt
* \columnsep=10.0pt
* \skip\footins=10.8pt plus 4.0pt minus 2.0pt
* \hoffset=0.0pt
* \voffset=0.0pt
* \mag=1000
* \@twocolumnfalse
* \@twosidefalse
* \@mparswitchfalse
* \@reversemarginfalse
* (1in=72.27pt=25.4mm, 1cm=28.453pt)

LaTeX Font Info:    Try loading font information for OT1+ccr on input line 15.
(/usr/local/texlive/2012/texmf-dist/tex/latex/concmath/ot1ccr.fd
File: ot1ccr.fd 1999/03/10 v2.0b LaTeX font defs for Concrete math fonts
)
LaTeX Font Info:    Try loading font information for OML+ccm on input line 15.

(/usr/local/texlive/2012/texmf-dist/tex/latex/concmath/omlccm.fd
File: omlccm.fd 1999/03/10 v2.0b LaTeX font defs for Concrete math fonts
)
LaTeX Font Info:    Try loading font information for OMS+ccsy on input line 15.


(/usr/local/texlive/2012/texmf-dist/tex/latex/concmath/omsccsy.fd
File: omsccsy.fd 1999/03/10 v2.0b LaTeX font defs for Concrete math fonts
)
LaTeX Font Info:    Try loading font information for OMX+ccex on input line 15.


(/usr/local/texlive/2012/texmf-dist/tex/latex/concmath/omxccex.fd
File: omxccex.fd 1999/03/10 v2.0b LaTeX font defs for Concrete math fonts
)
LaTeX Font Info:    External font `xccex10' loaded for size
(Font)              <14.4> on input line 15.
LaTeX Font Info:    External font `xccex10' loaded for size
(Font)              <10> on input line 15.
LaTeX Font Info:    External font `xccex10' loaded for size
(Font)              <7> on input line 15.
LaTeX Font Info:    Try loading font information for U+msa on input line 15.

(/usr/local/texlive/2012/texmf-dist/tex/latex/amsfonts/umsa.fd
File: umsa.fd 2009/06/22 v3.00 AMS symbols A
)
LaTeX Font Info:    Try loading font information for U+msb on input line 15.

(/usr/local/texlive/2012/texmf-dist/tex/latex/amsfonts/umsb.fd
File: umsb.fd 2009/06/22 v3.00 AMS symbols B
) [1

{/usr/local/texlive/2012/texmf-var/fonts/map/pdftex/updmap/pdftex.map}]
LaTeX Font Info:    Font shape `T1/ccr/bx/n' in size <24.88> not available
(Font)              Font shape `T1/cmr/bx/n' tried instead on input line 16.

(./jdowns-thesisdraft-april24.toc
LaTeX Font Info:    Font shape `T1/ccr/bx/n' in size <12> not available
(Font)              Font shape `T1/cmr/bx/n' tried instead on input line 1.
LaTeX Font Info:    External font `xccex10' loaded for size
(Font)              <12> on input line 2.
LaTeX Font Info:    External font `xccex10' loaded for size
(Font)              <8> on input line 2.
LaTeX Font Info:    External font `xccex10' loaded for size
(Font)              <6> on input line 2.
 [1

])
\tf@toc=\write3
\openout3 = `jdowns-thesisdraft-april24.toc'.

 [2] [1]
Chapter 1.
[1

]
LaTeX Font Info:    Font shape `T1/ccr/bx/n' in size <17.28> not available
(Font)              Font shape `T1/cmr/bx/n' tried instead on input line 37.
 [2] [3] [4]

LaTeX Warning: Citation `SIEGWART' on page 5 undefined on input line 96.

[5] [6]

LaTeX Warning: Citation `cheeseman1987stochastic' on page 7 undefined on input 
line 126.

[7]

LaTeX Warning: Citation `durrant2006simultaneous' on page 8 undefined on input 
line 128.

[8] [9]

LaTeX Warning: Citation `ThrunPR' on page 10 undefined on input line 172.

[10] [11] [12] [13]
LaTeX Font Info:    Try loading font information for T1+cmtt on input line 252.


(/usr/local/texlive/2012/texmf-dist/tex/latex/base/t1cmtt.fd
File: t1cmtt.fd 1999/05/25 v2.5h Standard LaTeX font definitions
) [14] [15]
Overfull \hbox (306.74612pt too wide) in paragraph at lines 337--337
[]\T1/cmtt/m/n/12 observations = [get_visible_landmarks(map_true, pose, sensor_
range, sensor_arc, observation_noise, time)]; % t id x y[] 
 []


Overfull \hbox (16.59198pt too wide) in paragraph at lines 337--337
[]        \T1/cmtt/m/n/12 delta_a = atan2(wpt(2) - pose(2), wpt(1) - pose(1)) -
 pose(3);[] 
 []


Overfull \hbox (220.31723pt too wide) in paragraph at lines 337--337
[]        \T1/cmtt/m/n/12 obs = get_visible_landmarks(map_true, pose, sensor_ra
nge, sensor_arc, observation_noise, time);[] 
 []

[16]
Chapter 2.

LaTeX Warning: Citation `Dellaert06ijrr' on page 17 undefined on input line 345
.


LaTeX Warning: Citation `Kaess08tro' on page 17 undefined on input line 347.


LaTeX Warning: Citation `Sunderhauf' on page 17 undefined on input line 349.

[17

]

LaTeX Warning: Citation `huang2008iterated' on page 18 undefined on input line 
351.


LaTeX Warning: Citation `(' on page 18 undefined on input line 356.


LaTeX Warning: Citation `(' on page 18 undefined on input line 356.


LaTeX Warning: Citation `(' on page 18 undefined on input line 356.


LaTeX Warning: Citation `(' on page 18 undefined on input line 356.


LaTeX Warning: Citation `(' on page 18 undefined on input line 356.

[18] [19]

LaTeX Warning: Citation `tardos2002' on page 20 undefined on input line 373.


LaTeX Warning: Citation `c-sam' on page 20 undefined on input line 373.


LaTeX Warning: Citation `tardos2002' on page 20 undefined on input line 374.

[20] [21]

LaTeX Warning: Citation `onthenumber' on page 22 undefined on input line 383.

[22]

LaTeX Warning: Citation `isam' on page 23 undefined on input line 392.

[23] [24]
Chapter 3.
[25

] [26] [27] [28]
Chapter 4.
[29

]
Overfull \hbox (61.98149pt too wide) in paragraph at lines 443--460
[][] 
 []


Overfull \hbox (61.98149pt too wide) in paragraph at lines 466--483
[][] 
 []


Overfull \hbox (61.98149pt too wide) in paragraph at lines 489--506
[][] 
 []


LaTeX Warning: `h' float specifier changed to `ht'.

[30]
Overfull \hbox (61.98149pt too wide) in paragraph at lines 512--529
[][] 
 []


LaTeX Warning: `h' float specifier changed to `ht'.

[31] [32]
Chapter 5.

LaTeX Warning: Citation `matlab' on page 33 undefined on input line 555.

[33

]

LaTeX Warning: Citation `estimators' on page 34 undefined on input line 557.

[34]
Chapter 6.

LaTeX Warning: Citation `slam' on page 35 undefined on input line 564.


Overfull \hbox (1.03949pt too wide) in paragraph at lines 564--565
[]\T1/ccr/m/n/12 Another fea-ture of this ap-proach is the uni-form method used
 for lo-cal smooth-
 []


LaTeX Warning: Citation `curiosity' on page 35 undefined on input line 566.

[35

] [36]
Chapter 7.

LaTeX Warning: Citation `huang_icra12_talk' on page 37 undefined on input line 
571.

[37

] [38] (./jdowns-thesisdraft-april24.aux)

LaTeX Warning: There were undefined references.


LaTeX Warning: There were multiply-defined labels.

 ) 
Here is how much of TeX's memory you used:
 2686 strings out of 493488
 35621 string characters out of 3141326
 107585 words of memory out of 3000000
 5953 multiletter control sequences out of 15000+200000
 19470 words of font info for 56 fonts, out of 3000000 for 9000
 957 hyphenation exceptions out of 8191
 27i,7n,31p,994b,268s stack positions out of 5000i,500n,10000p,200000b,50000s
 </Users/johndowns/Library/texlive/2012/texmf-var/fonts/pk/ljfour/public/conc
math-fonts/xccmi6.600pk>{/usr/local/texlive/2012/texmf-dist/fonts/enc/dvips/cm-
super/cm-super-t1.enc} </Users/johndowns/Library/texlive/2012/texmf-var/fonts/p
k/ljfour/public/concrete/ccr8.600pk> </Users/johndowns/Library/texlive/2012/tex
mf-var/fonts/pk/ljfour/public/concmath-fonts/xccex10.600pk> </Users/johndowns/L
ibrary/texlive/2012/texmf-var/fonts/pk/ljfour/public/concmath-fonts/xccsy8.600p
k> </Users/johndowns/Library/texlive/2012/texmf-var/fonts/pk/ljfour/public/conc
math-fonts/xccsy10.720pk> </Users/johndowns/Library/texlive/2012/texmf-var/font
s/pk/ljfour/public/concmath-fonts/xccmi8.600pk> </Users/johndowns/Library/texli
ve/2012/texmf-var/fonts/pk/ljfour/public/concmath-fonts/xccmi10.720pk> </Users/
johndowns/Library/texlive/2012/texmf-var/fonts/pk/ljfour/public/concrete/ccr10.
720pk></usr/local/texlive/2012/texmf-dist/fonts/type1/public/cm-super/sfbx1200.
pfb></usr/local/texlive/2012/texmf-dist/fonts/type1/public/cm-super/sfbx1728.pf
b></usr/local/texlive/2012/texmf-dist/fonts/type1/public/cm-super/sfbx2488.pfb>
</usr/local/texlive/2012/texmf-dist/fonts/type1/public/cm-super/sform10.pfb></u
sr/local/texlive/2012/texmf-dist/fonts/type1/public/cm-super/sftt1200.pfb>
Output written on jdowns-thesisdraft-april24.pdf (42 pages, 209542 bytes).
PDF statistics:
 303 PDF objects out of 1000 (max. 8388607)
 143 compressed objects within 2 object streams
 0 named destinations out of 1000 (max. 500000)
 1 words of extra memory for PDF output out of 10000 (max. 10000000)

