This is pdfTeX, Version 3.1415926-2.3-1.40.12 (TeX Live 2011) (format=prv_thesis 2012.12.25)  25 DEC 2012 17:49
entering extended mode
 restricted \write18 enabled.
 %&-line parsing enabled.
**&prv_thesis _region_.tex
(./_region_.tex
LaTeX2e <2009/09/24>
Babel <v3.8l> and hyphenation patterns for english, dumylang, nohyphenation, ge
rman-x-2009-06-19, ngerman-x-2009-06-19, afrikaans, ancientgreek, ibycus, arabi
c, armenian, basque, bulgarian, catalan, pinyin, coptic, croatian, czech, danis
h, dutch, ukenglish, usenglishmax, esperanto, estonian, ethiopic, farsi, finnis
h, french, galician, german, ngerman, swissgerman, monogreek, greek, hungarian,
 icelandic, assamese, bengali, gujarati, hindi, kannada, malayalam, marathi, or
iya, panjabi, tamil, telugu, indonesian, interlingua, irish, italian, kurmanji,
 lao, latin, latvian, lithuanian, mongolian, mongolianlmc, bokmal, nynorsk, pol
ish, portuguese, romanian, russian, sanskrit, serbian, serbianc, slovak, sloven
ian, spanish, swedish, turkish, turkmen, ukrainian, uppersorbian, welsh, loaded
.
CUSTOMISED FORMAT. Preloaded files:
        .
 article.cls    2007/10/19 v1.4h Standard LaTeX document class
  size12.clo    2007/10/19 v1.4h Standard LaTeX file (size option)
        .
No file _region_.aux.
LaTeX Font Info:    Checking defaults for OML/cmm/m/it on input line 216.
LaTeX Font Info:    ... okay on input line 216.
LaTeX Font Info:    Checking defaults for T1/cmr/m/n on input line 216.
LaTeX Font Info:    ... okay on input line 216.
LaTeX Font Info:    Checking defaults for OT1/cmr/m/n on input line 216.
LaTeX Font Info:    ... okay on input line 216.
LaTeX Font Info:    Checking defaults for OMS/cmsy/m/n on input line 216.
LaTeX Font Info:    ... okay on input line 216.
LaTeX Font Info:    Checking defaults for OMX/cmex/m/n on input line 216.
LaTeX Font Info:    ... okay on input line 216.
LaTeX Font Info:    Checking defaults for U/cmr/m/n on input line 216.
LaTeX Font Info:    ... okay on input line 216.

(/Applications/Aquamacs.app/Contents/Resources/lisp/aquamacs/edit-modes/auctex/
latex/preview.sty
Package: preview 2010/02/14 11.86 (AUCTeX/preview-latex)

(/Applications/Aquamacs.app/Contents/Resources/lisp/aquamacs/edit-modes/auctex/
latex/prtightpage.def
\PreviewBorder=\dimen103
)
(/Applications/Aquamacs.app/Contents/Resources/lisp/aquamacs/edit-modes/auctex/
latex/prauctex.def
No auxiliary output files.


\hbadness=\count87
\hfuzz=\dimen104

(/Applications/Aquamacs.app/Contents/Resources/lisp/aquamacs/edit-modes/auctex/
latex/prauctex.cfg))
(/Applications/Aquamacs.app/Contents/Resources/lisp/aquamacs/edit-modes/auctex/
latex/prfootnotes.def)
\pr@snippet=\count88
\pr@box=\box26
\pr@output=\toks14

Preview: Fontsize 12pt
Preview: PDFoutput 1
)
LaTeX Font Info:    External font `cmex10' loaded for size
(Font)              <14.4> on input line 217.
LaTeX Font Info:    External font `cmex10' loaded for size
(Font)              <7> on input line 217.
Missing character: There is no ‚ in font cmr10!
Missing character: There is no Ä in font cmr10!
Missing character: There is no ô in font cmr10!

! Preview: Snippet 1 started.
<-><->
      
l.223 \section
              {Introduction}
Not a real error.

Preview: Tightpage -32891 -32891 32891 32891
! Preview: Snippet 1 ended.(786431+0x25559040).
<-><->
      
l.223 \section{Introduction}
                            
Not a real error.

[1{/usr/local/texlive/2011/texmf-var/fonts/map/pdftex/updmap/pdftex.map}

]

LaTeX Warning: Citation `cheeseman1987stochastic' on page 1 undefined on input 
line 224.

Missing character: There is no ‚ in font cmr12!
Missing character: There is no Ä in font cmr12!
Missing character: There is no ô in font cmr12!
! Preview: Snippet 2 started.
<-><->
      
l.230 \section
              {Technical Background}
Not a real error.

! Preview: Snippet 2 ended.(786431+220200x25559040).
<-><->
      
l.230 \section{Technical Background}
                                    
Not a real error.

[2

]
! Preview: Snippet 3 started.
<-><->
      
l.231 \subsection
                 { Least Squares Estimates }
Not a real error.

! Preview: Snippet 3 ended.(655359+183500x25559040).
<-><->
      
l.231 \subsection{ Least Squares Estimates }
                                            
Not a real error.

[3

]
! Preview: Snippet 4 started.
<-><->
      
l.235 $
       f(x_t-1,u)^TPf(x_t-1,u) + h(z)^TRh(z) $   TODO: Check this equation! ...

Not a real error.

! Preview: Snippet 4 ended.(643653+196608x13609961).
<-><->
      
l.235 $f(x_t-1,u)^TPf(x_t-1,u) + h(z)^TRh(z) $
                                                 TODO: Check this equation! ...

Not a real error.

[4]
! Preview: Snippet 5 started.
<-><->
      
l.239 \subsection
                 {Map Joining}
Not a real error.

! Preview: Snippet 5 ended.(655359+183500x25559040).
<-><->
      
l.239 \subsection{Map Joining}
                              
Not a real error.

[5

]
Missing character: There is no ‚ in font cmr12!
Missing character: There is no Ä in font cmr12!
Missing character: There is no ò in font cmr12!
Missing character: There is no ‚ in font cmr12!
Missing character: There is no Ä in font cmr12!
Missing character: There is no ô in font cmr12!
Missing character: There is no ‚ in font cmr12!
Missing character: There is no Ä in font cmr12!
Missing character: There is no ò in font cmr12!
Missing character: There is no ‚ in font cmr12!
Missing character: There is no Ä in font cmr12!
Missing character: There is no ô in font cmr12!

! Preview: Snippet 6 started.
<-><->
      
l.245 \subsection
                 { Spherical Matrices, One Step SLAM and Map Joining}
Not a real error.

! Preview: Snippet 6 ended.(1835007+183500x25559040).
<-><->
      
l.245 ... Matrices, One Step SLAM and Map Joining}
                                                  
Not a real error.

[6

]
Missing character: There is no ‚ in font cmr12!
Missing character: There is no Ü in font cmr12!
Missing character: There is no ê in font cmr12!

! Missing $ inserted.
<inserted text> 
                $
l.249 ...l positive, non-zero column vectors v, v^
                                                  T Mv > 0. This is to allow...
I've inserted a begin-math/end-math symbol since I think
you left one out. Proceed, with fingers crossed.

! Missing $ inserted.
<inserted text> 
                $
l.253 
      
I've inserted a begin-math/end-math symbol since I think
you left one out. Proceed, with fingers crossed.

! Preview: Snippet 7 started.
<-><->
      
l.254 \subsection
                 {SLAM and Machine Learning}
Not a real error.

! Preview: Snippet 7 ended.(655359+183500x25559040).
<-><->
      
l.254 \subsection{SLAM and Machine Learning}
                                            
Not a real error.

[7

]
Missing character: There is no ‚ in font cmr12!
Missing character: There is no Ä in font cmr12!
Missing character: There is no ô in font cmr12!

! Missing $ inserted.
<inserted text> 
                $
l.258 ...lems.  It begins with an initial guess x_
                                                  0 of a possible solution. ...
I've inserted a begin-math/end-math symbol since I think
you left one out. Proceed, with fingers crossed.

! Missing $ inserted.
<inserted text> 
                $
l.260 
      
I've inserted a begin-math/end-math symbol since I think
you left one out. Proceed, with fingers crossed.

! Preview: Snippet 8 started.
<-><->
      
l.261 \section
              {My Experiments}
Not a real error.

! Preview: Snippet 8 ended.(786431+220200x25559040).
<-><->
      
l.261 \section{My Experiments}
                              
Not a real error.

[8

]
! Preview: Snippet 9 started.
<-><->
      
l.262 \subsection
                 {The First Attempt}
Not a real error.

! Preview: Snippet 9 ended.(655359+183500x25559040).
<-><->
      
l.262 \subsection{The First Attempt}
                                    
Not a real error.

[9

]
Missing character: There is no ‚ in font cmr12!
Missing character: There is no Ä in font cmr12!
Missing character: There is no ô in font cmr12!

! Preview: Snippet 10 started.
<-><->
      
l.265 \subsection
                 {The Second Attempt}
Not a real error.

! Preview: Snippet 10 ended.(655359+183500x25559040).
<-><->
      
l.265 \subsection{The Second Attempt}
                                     
Not a real error.

[10

]
Missing character: There is no ‚ in font cmr12!
Missing character: There is no Ä in font cmr12!
Missing character: There is no ô in font cmr12!
Missing character: There is no ‚ in font cmr12!
Missing character: There is no Ä in font cmr12!
Missing character: There is no ô in font cmr12!
Missing character: There is no ‚ in font cmr12!
Missing character: There is no Ä in font cmr12!
Missing character: There is no ò in font cmr12!
Missing character: There is no ‚ in font cmr12!
Missing character: There is no Ä in font cmr12!
Missing character: There is no ô in font cmr12!

! Preview: Snippet 11 started.
<-><->
      
l.269 \subsection
                 {More to do}
Not a real error.

! Preview: Snippet 11 ended.(655359+0x25559040).
<-><->
      
l.269 \subsection{More to do}
                             
Not a real error.

[11

]

LaTeX Warning: There were undefined references.

 ) 
Here is how much of TeX's memory you used:
 189 strings out of 493384
 3100 string characters out of 3140382
 62287 words of memory out of 3000000
 3780 multiletter control sequences out of 15000+200000
 10598 words of font info for 37 fonts, out of 3000000 for 9000
 831 hyphenation exceptions out of 8191
 22i,6n,22p,1090b,190s stack positions out of 5000i,500n,10000p,200000b,50000s
</usr/local/texlive/2011/texmf-dist/fonts/type1/public/amsfonts/cm/cmbx12.pfb
></usr/local/texlive/2011/texmf-dist/fonts/type1/public/amsfonts/cm/cmmi12.pfb>
</usr/local/texlive/2011/texmf-dist/fonts/type1/public/amsfonts/cm/cmmi8.pfb></
usr/local/texlive/2011/texmf-dist/fonts/type1/public/amsfonts/cm/cmr12.pfb></us
r/local/texlive/2011/texmf-dist/fonts/type1/public/amsfonts/cm/cmsy10.pfb>
Output written on _region_.pdf (11 pages, 48986 bytes).
PDF statistics:
 60 PDF objects out of 1000 (max. 8388607)
 41 compressed objects within 1 object stream
 0 named destinations out of 1000 (max. 500000)
 1 words of extra memory for PDF output out of 10000 (max. 10000000)

