This is pdfTeX, Version 3.1415926-2.3-1.40.12 (TeX Live 2011) (format=prv_thesis 2012.12.25)  25 DEC 2012 17:38
entering extended mode
 restricted \write18 enabled.
 %&-line parsing enabled.
**&prv_thesis thesis.tex
(./thesis.tex
LaTeX2e <2009/09/24>
Babel <v3.8l> and hyphenation patterns for english, dumylang, nohyphenation, ge
rman-x-2009-06-19, ngerman-x-2009-06-19, afrikaans, ancientgreek, ibycus, arabi
c, armenian, basque, bulgarian, catalan, pinyin, coptic, croatian, czech, danis
h, dutch, ukenglish, usenglishmax, esperanto, estonian, ethiopic, farsi, finnis
h, french, galician, german, ngerman, swissgerman, monogreek, greek, hungarian,
 icelandic, assamese, bengali, gujarati, hindi, kannada, malayalam, marathi, or
iya, panjabi, tamil, telugu, indonesian, interlingua, irish, italian, kurmanji,
 lao, latin, latvian, lithuanian, mongolian, mongolianlmc, bokmal, nynorsk, pol
ish, portuguese, romanian, russian, sanskrit, serbian, serbianc, slovak, sloven
ian, spanish, swedish, turkish, turkmen, ukrainian, uppersorbian, welsh, loaded
.
CUSTOMISED FORMAT. Preloaded files:
        .
 article.cls    2007/10/19 v1.4h Standard LaTeX document class
  size12.clo    2007/10/19 v1.4h Standard LaTeX file (size option)
        .
No file thesis.aux.
LaTeX Font Info:    Checking defaults for OML/cmm/m/it on input line 5.
LaTeX Font Info:    ... okay on input line 5.
LaTeX Font Info:    Checking defaults for T1/cmr/m/n on input line 5.
LaTeX Font Info:    ... okay on input line 5.
LaTeX Font Info:    Checking defaults for OT1/cmr/m/n on input line 5.
LaTeX Font Info:    ... okay on input line 5.
LaTeX Font Info:    Checking defaults for OMS/cmsy/m/n on input line 5.
LaTeX Font Info:    ... okay on input line 5.
LaTeX Font Info:    Checking defaults for OMX/cmex/m/n on input line 5.
LaTeX Font Info:    ... okay on input line 5.
LaTeX Font Info:    Checking defaults for U/cmr/m/n on input line 5.
LaTeX Font Info:    ... okay on input line 5.

(/Applications/Aquamacs.app/Contents/Resources/lisp/aquamacs/edit-modes/auctex/
latex/preview.sty
Package: preview 2010/02/14 11.86 (AUCTeX/preview-latex)

(/Applications/Aquamacs.app/Contents/Resources/lisp/aquamacs/edit-modes/auctex/
latex/prtightpage.def
\PreviewBorder=\dimen103
)
(/Applications/Aquamacs.app/Contents/Resources/lisp/aquamacs/edit-modes/auctex/
latex/prauctex.def
No auxiliary output files.


\hbadness=\count87
\hfuzz=\dimen104

(/Applications/Aquamacs.app/Contents/Resources/lisp/aquamacs/edit-modes/auctex/
latex/prauctex.cfg))
(/Applications/Aquamacs.app/Contents/Resources/lisp/aquamacs/edit-modes/auctex/
latex/prfootnotes.def)
\pr@snippet=\count88
\pr@box=\box26
\pr@output=\toks14

Preview: Fontsize 12pt
Preview: PDFoutput 1
)
LaTeX Font Info:    External font `cmex10' loaded for size
(Font)              <14.4> on input line 6.
LaTeX Font Info:    External font `cmex10' loaded for size
(Font)              <7> on input line 6.

! Preview: Snippet 1 started.
<-><->
      
l.12 \section
             {What is SLAM?}
Not a real error.

Preview: Tightpage -32891 -32891 32891 32891
! Preview: Snippet 1 ended.(786431+0x25559040).
<-><->
      
l.12 \section{What is SLAM?}
                            
Not a real error.

[1{/usr/local/texlive/2011/texmf-var/fonts/map/pdftex/updmap/pdftex.map}

]

LaTeX Warning: Citation `cheeseman1987stochastic' on page 2 undefined on input 
line 20.


LaTeX Warning: Citation `durrant2006simultaneous' on page 2 undefined on input 
line 24.

! Preview: Snippet 2 started.
<-><->
      
l.26 ...alman Filters (EKF), had a complexity of $
                                                  O(n^2)$ for $n$ landmarks ...

Not a real error.

! Preview: Snippet 2 ended.(623265+196608x1979756).
<-><->
      
l.26 ...ilters (EKF), had a complexity of $O(n^2)$
                                                   for $n$ landmarks \cite{T...

Not a real error.

[2]
! Preview: Snippet 3 started.
<-><->
      
l.26 ... (EKF), had a complexity of $O(n^2)$ for $
                                                  n$ landmarks \cite{ThrunPR...

Not a real error.

! Preview: Snippet 3 ended.(338603+0x459657).
<-><->
      
l.26 ...EKF), had a complexity of $O(n^2)$ for $n$
                                                   landmarks \cite{ThrunPR20...

Not a real error.

[3]

LaTeX Warning: Citation `ThrunPR2005' on page 2 undefined on input line 26.

Missing character: There is no ‚ in font cmr12!
Missing character: There is no Ä in font cmr12!
Missing character: There is no ô in font cmr12!

LaTeX Warning: Citation `LoopClosing' on page 2 undefined on input line 28.

! Preview: Snippet 4 started.
<-><->
      
l.30 \section
             {Some notation}
Not a real error.

! Preview: Snippet 4 ended.(786431+0x25559040).
<-><->
      
l.30 \section{Some notation}
                            
Not a real error.

[4

]
Missing character: There is no ‚ in font cmr12!
Missing character: There is no Ä in font cmr12!
Missing character: There is no ô in font cmr12!

! Preview: Snippet 5 started.
<-><->
      
l.36 \begin{equation}
                     \label{predict_stepB}
Not a real error.

! Preview: Snippet 5 ended.(786432+0x25559040).
<-><->
      
l.38 \end{equation}
                   
Not a real error.

[5

]
! Preview: Snippet 6 started.
<-><->
      
l.40 ... of the robot being at a particular pose $
                                                  x_{t}$ given its last pose...

Not a real error.

! Preview: Snippet 6 ended.(338603+117964x671516).
<-><->
      
l.40 ...e robot being at a particular pose $x_{t}$
                                                   given its last pose at ti...

Not a real error.

[6]
! Preview: Snippet 7 started.
<-><->
      
l.40 ...pose $x_{t}$ given its last pose at time $
                                                  t-1$ and a control input, ...

Not a real error.

! Preview: Snippet 7 ended.(506811+65536x1624281).
<-><->
      
l.40 ... $x_{t}$ given its last pose at time $t-1$
                                                   and a control input, $u$....

Not a real error.

[7]
! Preview: Snippet 8 started.
<-><->
      
l.40 ... pose at time $t-1$ and a control input, $
                                                  u$.  A possible source of ...

Not a real error.

! Preview: Snippet 8 ended.(338603+0x438267).
<-><->
      
l.40 ...ose at time $t-1$ and a control input, $u$
                                                  .  A possible source of co...

Not a real error.

[8]
! Preview: Snippet 9 started.
<-><->
      
l.40 ...ssible source of confusion is the use of $
                                                  x$ as the pose variable;  ...

Not a real error.

! Preview: Snippet 9 ended.(338603+0x437586).
<-><->
      
l.40 ...ible source of confusion is the use of $x$
                                                   as the pose variable;  $x...

Not a real error.

[9]
! Preview: Snippet 10 started.
<-><->
      
l.40 ...is the use of $x$ as the pose variable;  $
                                                  x$ is a vector describing ...

Not a real error.

! Preview: Snippet 10 ended.(338603+0x437586).
<-><->
      
l.40 ... the use of $x$ as the pose variable;  $x$
                                                   is a vector describing th...

Not a real error.

[10]
! Preview: Snippet 11 started.
<-><->
      
l.40 ...scribing the position and heading angle, $
                                                  [x,y]$. This is separate f...

Not a real error.

! Preview: Snippet 11 ended.(589824+196608x1614035).
<-><->
      
l.40 ...ng the position and heading angle, $[x,y]$
                                                  . This is separate from th...

Not a real error.

[11]
! Preview: Snippet 12 started.
<-><->
      
l.40 ...ngle, $[x,y]$. This is separate from the $
                                                  x$ of the Cartesian coordi...

Not a real error.

! Preview: Snippet 12 ended.(338603+0x437586).
<-><->
      
l.40 ...le, $[x,y]$. This is separate from the $x$
                                                   of the Cartesian coordina...

Not a real error.

[12]
! Preview: Snippet 13 started.
<-><->
      
l.44 \begin{equation}
                     \label{obs_stepB}
Not a real error.

! Preview: Snippet 13 ended.(786432+0x25559040).
<-><->
      
l.46 \end{equation}
                   
Not a real error.

[13

]
! Preview: Snippet 14 started.
<-><->
      
l.48 ...lity that there is something at position $
                                                  z$, that was correctly obs...

Not a real error.

! Preview: Snippet 14 ended.(338603+0x392757).
<-><->
      
l.48 ...ty that there is something at position $z$
                                                  , that was correctly obser...

Not a real error.

[14]
! Preview: Snippet 15 started.
<-><->
      
l.48 ...ved given the current pose of the robot, $
                                                  x$, at some time $t$.  If ...

Not a real error.

! Preview: Snippet 15 ended.(338603+0x437586).
<-><->
      
l.48 ...d given the current pose of the robot, $x$
                                                  , at some time $t$.  If a ...

Not a real error.

[15]
! Preview: Snippet 16 started.
<-><->
      
l.48 ...ent pose of the robot, $x$, at some time $
                                                  t$.  If a map, $m$, is bei...

Not a real error.

! Preview: Snippet 16 ended.(483719+0x278070).
<-><->
      
l.48 ...t pose of the robot, $x$, at some time $t$
                                                  .  If a map, $m$, is being...

Not a real error.

[16]
! Preview: Snippet 17 started.
<-><->
      
l.48 ...robot, $x$, at some time $t$.  If a map, $
                                                  m$, is being kept, it may ...

Not a real error.

! Preview: Snippet 17 ended.(338603+0x673557).
<-><->
      
l.48 ...bot, $x$, at some time $t$.  If a map, $m$
                                                  , is being kept, it may be...

Not a real error.

[17]

LaTeX Warning: Reference `obs_stepB' on page 3 undefined on input line 48.

! Preview: Snippet 18 started.
<-><->
      
l.49 \begin{equation}
                     \label{obs_step_mapB}
Not a real error.

! Preview: Snippet 18 ended.(786432+0x25559040).
<-><->
      
l.51 \end{equation}
                   
Not a real error.

[18

]
Missing character: There is no ‚ in font cmr12!
Missing character: There is no Ä in font cmr12!
Missing character: There is no ô in font cmr12!

! Preview: Snippet 19 started.
<-><->
      
l.53 ...activity.  These are represented as sets $
                                                  X$, $U$ and $Z$ respective...

Not a real error.

! Preview: Snippet 19 ended.(537395+0x700911).
<-><->
      
l.53 ...tivity.  These are represented as sets $X$
                                                  , $U$ and $Z$ respectively...

Not a real error.

[19]
! Preview: Snippet 20 started.
<-><->
      
l.53 ...ity.  These are represented as sets $X$, $
                                                  U$ and $Z$ respectively, e...

Not a real error.

! Preview: Snippet 20 ended.(537395+0x605129).
<-><->
      
l.53 ...y.  These are represented as sets $X$, $U$
                                                   and $Z$ respectively, eac...

Not a real error.

[20]
! Preview: Snippet 21 started.
<-><->
      
l.53 ...ese are represented as sets $X$, $U$ and $
                                                  Z$ respectively, each corr...

Not a real error.

! Preview: Snippet 21 ended.(537395+0x583538).
<-><->
      
l.53 ...e are represented as sets $X$, $U$ and $Z$
                                                   respectively, each corres...

Not a real error.

[21]
! Preview: Snippet 22 started.
<-><->
      
l.57 \[
       
Not a real error.

! Preview: Snippet 22 ended.(2850813+0x13762901).
<-><->
      
l.63 \]
       
Not a real error.

[22]
! Preview: Snippet 23 started.
<-><->
      
l.65 the notation $
                   \left[ {\begin{array}{cc} x, y, \dots, n\end{array} }\rig...

Not a real error.

! Preview: Snippet 23 ended.(937169+393222x5079509).
<-><->
      
l.65 ...{cc} x, y, \dots, n\end{array} }\right]^T$
                                                   will be used, indicating ...

Not a real error.

[23]
! Preview: Snippet 24 started.
<-><->
      
l.67 \section
             {The Robot}
Not a real error.

! Preview: Snippet 24 ended.(786431+0x25559040).
<-><->
      
l.67 \section{The Robot}
                        
Not a real error.

[24

]
Missing character: There is no ‚ in font cmr12!
Missing character: There is no Ä in font cmr12!
Missing character: There is no ô in font cmr12!


LaTeX Warning: Citation `Dudek' on page 4 undefined on input line 71.


LaTeX Warning: Citation `DBLP' on page 4 undefined on input line 71.


LaTeX Warning: Citation `Radish' on page 4 undefined on input line 75.


LaTeX Warning: Citation `ThrunPR2005' on page 4 undefined on input line 75.

! Preview: Snippet 25 started.
<-><->
      
l.77 The control vector $
                         u_{t} =[v_{t}, \omega_{t}]^T$ is the linear velocit...

Not a real error.

! Preview: Snippet 25 ended.(643653+196608x4234877).
<-><->
      
l.77 ...trol vector $u_{t} =[v_{t}, \omega_{t}]^T$
                                                   is the linear velocity v ...

Not a real error.

[25]
! Preview: Snippet 26 started.
<-><->
      
l.77 ...e linear velocity v and angular velocity $
                                                  \omega$ at time $t$.  Idea...

Not a real error.

! Preview: Snippet 26 ended.(338603+0x507716).
<-><->
      
l.77 ...r velocity v and angular velocity $\omega$
                                                   at time $t$.  Ideally, th...

Not a real error.

[26]
! Preview: Snippet 27 started.
<-><->
      
l.77 ... v and angular velocity $\omega$ at time $
                                                  t$.  Ideally, the control ...

Not a real error.

! Preview: Snippet 27 ended.(483719+0x278070).
<-><->
      
l.77 ... and angular velocity $\omega$ at time $t$
                                                  .  Ideally, the control wi...

Not a real error.

[27]
! Preview: Snippet 28 started.
<-><->
      
l.77 ...he control will result in a pose at time $
                                                  t+1$ described by:
Not a real error.

! Preview: Snippet 28 ended.(506811+60072x1611530).
<-><->
      
l.77 ...ontrol will result in a pose at time $t+1$
                                                   described by:
Not a real error.

[28]
! Preview: Snippet 29 started.
<-><->
      
l.79 \begin{equation}
                     \label{motion_model}
Not a real error.

! Preview: Snippet 29 ended.(2850813+0x25559040).
<-><->
      
l.91 \end{equation}
                   
Not a real error.

[29

]

LaTeX Warning: Reference `motion_model' on page 4 undefined on input line 94.

! Preview: Snippet 30 started.
<-><->
      
l.96 \begin{equation}
                     \label{motion_model2}
Not a real error.

! Preview: Snippet 30 ended.(879582+0x25559040).
<-><->
      
l.98 \end{equation}
                   
Not a real error.

[30

]
! Preview: Snippet 31 started.
<-><->
      
l.100 ...lly assumed to be Gaussian, with a mean $
                                                  \mu=0$ and some variance, ...

Not a real error.

! Preview: Snippet 31 ended.(506811+152916x1884139).
<-><->
      
l.100 ...sumed to be Gaussian, with a mean $\mu=0$
                                                   and some variance, $\sigm...

Not a real error.

[31]
! Preview: Snippet 32 started.
<-><->
      
l.100 ... with a mean $\mu=0$ and some variance, $
                                                  \sigma$.  The variance is ...

Not a real error.

! Preview: Snippet 32 ended.(338603+0x465893).
<-><->
      
l.100 ... mean $\mu=0$ and some variance, $\sigma$
                                                  .  The variance is usually...

Not a real error.

[32]
! Preview: Snippet 33 started.
<-><->
      
l.102 ... the two wheels divided by the distance $
                                                  d$ between the wheels:  $d...

Not a real error.

! Preview: Snippet 33 ended.(546132+0x400130).
<-><->
      
l.102 ...he two wheels divided by the distance $d$
                                                   between the wheels:  $d=v...

Not a real error.

[33]
! Preview: Snippet 34 started.
<-><->
      
l.102 ...y the distance $d$ between the wheels:  $
                                                  d=vr-vl$.  The linear velo...

Not a real error.

! Preview: Snippet 34 ended.(546132+65536x3813205).
<-><->
      
l.102 ...stance $d$ between the wheels:  $d=vr-vl$
                                                  .  The linear velocity is ...

Not a real error.

[34]
! Preview: Snippet 35 started.
<-><->
      
l.102 ....  The linear velocity is calculated as $
                                                  v=\frac{v_r+v_l}{2}$.  Aft...

Not a real error.

! Preview: Snippet 35 ended.(645167+271194x3033583).
<-><->
      
l.102 ...ty is calculated as $v=\frac{v_r+v_l}{2}$
                                                  .  After this manipulation...

Not a real error.

[35]

LaTeX Warning: Reference `motion_model' on page 4 undefined on input line 102.


LaTeX Warning: Reference `motion_model2' on page 4 undefined on input line 102.



LaTeX Warning: Citation `Dudek' on page 4 undefined on input line 102.


LaTeX Warning: Citation `ThrunPR2005' on page 4 undefined on input line 102.


LaTeX Warning: Citation `MonoSLAM' on page 5 undefined on input line 104.


LaTeX Warning: Citation `ThrunPR2005' on page 5 undefined on input line 106.

! Preview: Snippet 36 started.
<-><->
      
l.106 ...e{ThrunPR2005}, is as follows for range $
                                                  r$, sensor angle relative ...

Not a real error.

! Preview: Snippet 36 ended.(338603+0x368409).
<-><->
      
l.106 ...ThrunPR2005}, is as follows for range $r$
                                                  , sensor angle relative to...

Not a real error.

[36]
! Preview: Snippet 37 started.
<-><->
      
l.106 ...$r$, sensor angle relative to the robot $
                                                  \phi$, and landmark signat...

Not a real error.

! Preview: Snippet 37 ended.(546132+152916x455742).
<-><->
      
l.106 ...sensor angle relative to the robot $\phi$
                                                  , and landmark signature $s$:

Not a real error.

[37]
! Preview: Snippet 38 started.
<-><->
      
l.106 ...he robot $\phi$, and landmark signature $
                                                  s$:
Not a real error.

! Preview: Snippet 38 ended.(338603+0x362721).
<-><->
      
l.106 ... robot $\phi$, and landmark signature $s$
                                                  :
Not a real error.

[38]
! Preview: Snippet 39 started.
<-><->
      
l.108 \begin{equation}
                      \label{motion_model}
Not a real error.

! Preview: Snippet 39 ended.(3997726+0x25559040).
<-><->
      
l.125 \end{equation}
                    
Not a real error.

[39

]
! Preview: Snippet 40 started.
<-><->
      
l.127 where the $
                 j^{th}$ observed feature $f_j$ , $[x,y,\theta ]^T$ is the r...

Not a real error.

! Preview: Snippet 40 ended.(649479+152916x917758).
<-><->
      
l.127 where the $j^{th}$
                         observed feature $f_j$ , $[x,y,\theta ]^T$ is the r...

Not a real error.

[40]
! Preview: Snippet 41 started.
<-><->
      
l.127 where the $j^{th}$ observed feature $
                                           f_j$ , $[x,y,\theta ]^T$ is the r...

Not a real error.

! Preview: Snippet 41 ended.(546132+219909x667826).
<-><->
      
l.127 where the $j^{th}$ observed feature $f_j$
                                                , $[x,y,\theta ]^T$ is the r...

Not a real error.

[41]
! Preview: Snippet 42 started.
<-><->
      
l.127 ...e the $j^{th}$ observed feature $f_j$ , $
                                                  [x,y,\theta ]^T$ is the ro...

Not a real error.

! Preview: Snippet 42 ended.(643653+196608x2773701).
<-><->
      
l.127 ...bserved feature $f_j$ , $[x,y,\theta ]^T$
                                                   is the robot pose and $\v...

Not a real error.

[42]
! Preview: Snippet 43 started.
<-><->
      
l.127 ...$[x,y,\theta ]^T$ is the robot pose and $
                                                  \vec{\epsilon}$ is the noi...

Not a real error.

! Preview: Snippet 43 ended.(560550+0x310929).
<-><->
      
l.127 ...T$ is the robot pose and $\vec{\epsilon}$
                                                   is the noise added to the...

Not a real error.

[43]

LaTeX Warning: Citation `lee2007feature' on page 5 undefined on input line 129.



LaTeX Warning: Citation `lee2007feature' on page 5 undefined on input line 131.


! Preview: Snippet 44 started.
<-><->
      
l.133 \section
              {The Map}
Not a real error.

! Preview: Snippet 44 ended.(786431+220200x25559040).
<-><->
      
l.133 \section{The Map}
                       
Not a real error.

[44

]
Missing character: There is no ‚ in font cmr12!
Missing character: There is no Ä in font cmr12!
Missing character: There is no ô in font cmr12!


LaTeX Warning: Citation `ThrunPR2005' on page 6 undefined on input line 137.


LaTeX Warning: Citation `lee2007feature' on page 6 undefined on input line 137.



LaTeX Warning: Citation `eliazar2004dp' on page 6 undefined on input line 137.

Missing character: There is no ‚ in font cmr12!
Missing character: There is no Ä in font cmr12!
Missing character: There is no ô in font cmr12!

LaTeX Warning: Citation `durrant2006simultaneous' on page 6 undefined on input 
line 141.

! Preview: Snippet 45 started.
<-><->
      
l.141 ... this scenario, the final pose of a map $
                                                  m_{k}$ is the always the f...

Not a real error.

! Preview: Snippet 45 ended.(338603+117964x1010343).
<-><->
      
l.141 ...scenario, the final pose of a map $m_{k}$
                                                   is the always the first p...

Not a real error.

[45]
! Preview: Snippet 46 started.
<-><->
      
l.141 ...k}$ is the always the first pose of map $
                                                  m_{k+1}$.
Not a real error.

! Preview: Snippet 46 ended.(338603+172580x1722147).
<-><->
      
l.141 ...he always the first pose of map $m_{k+1}$
                                                  .
Not a real error.

[46]
! Preview: Snippet 47 started.
<-><->
      
l.143 \section
              {Algorithms}
Not a real error.

! Preview: Snippet 47 ended.(786431+220200x25559040).
<-><->
      
l.143 \section{Algorithms}
                          
Not a real error.

[47

]

LaTeX Warning: Citation `ThrunPR2005' on page 7 undefined on input line 146.


LaTeX Warning: Citation `diard2003survey' on page 7 undefined on input line 146
.

! Preview: Snippet 48 started.
<-><->
      
l.148 ...teps of the Bayes Filter, given a state $
                                                  x_{t-1}$, control commands...

Not a real error.

! Preview: Snippet 48 ended.(338603+172580x1383320).
<-><->
      
l.148 ...the Bayes Filter, given a state $x_{t-1}$
                                                  , control commands $u_t$ a...

Not a real error.

[48]
! Preview: Snippet 49 started.
<-><->
      
l.148 ...ven a state $x_{t-1}$, control commands $
                                                  u_t$ and a measurement $z_...

Not a real error.

! Preview: Snippet 49 ended.(338603+117964x672197).
<-><->
      
l.148 ...a state $x_{t-1}$, control commands $u_t$
                                                   and a measurement $z_t$ is:
Not a real error.

[49]
! Preview: Snippet 50 started.
<-><->
      
l.148 ...ontrol commands $u_t$ and a measurement $
                                                  z_t$ is:
Not a real error.

! Preview: Snippet 50 ended.(338603+117964x591644).
<-><->
      
l.148 ...ol commands $u_t$ and a measurement $z_t$
                                                   is:
Not a real error.

[50]
! Preview: Snippet 51 started.
<-><->
      
l.150 \begin{equation}
                      \label{ekf_predict}
Not a real error.

! Preview: Snippet 51 ended.(1456371+0x25559040).
<-><->
      
l.152 \end{equation}
                    
Not a real error.

[51

]
! Preview: Snippet 52 started.
<-><->
      
l.153 \begin{equation}
                      \label{ekf_measure}
Not a real error.

Missing character: There is no Œ in font cmr12!
Missing character: There is no ∑ in font cmr12!
! Preview: Snippet 52 ended.(848323+0x25559040).
<-><->
      
l.155 \end{equation}
                    
Not a real error.

[52

]

LaTeX Warning: Reference `predict_stepB' on page 7 undefined on input line 157.



LaTeX Warning: Reference `obs_stepB' on page 7 undefined on input line 157.

! Preview: Snippet 53 started.
<-><->
      
l.157 ...n the above calculation.  The functions $
                                                  bel$ and $\bar{bel}$ indic...

Not a real error.

! Preview: Snippet 53 ended.(546132+0x930966).
<-><->
      
l.157 ...e above calculation.  The functions $bel$
                                                   and $\bar{bel}$ indicate ...

Not a real error.

[53]
! Preview: Snippet 54 started.
<-><->
      
l.157 ...e calculation.  The functions $bel$ and $
                                                  \bar{bel}$ indicate the ro...

Not a real error.

! Preview: Snippet 54 ended.(651715+0x930966).
<-><->
      
l.157 ...ion.  The functions $bel$ and $\bar{bel}$
                                                   indicate the robot's beli...

Not a real error.

[54]
! Preview: Snippet 55 started.
<-><->
      
l.157 ...its global pose directly.  The function $
                                                  \bar{bel}$ is the posterio...

Not a real error.

! Preview: Snippet 55 ended.(651715+0x930966).
<-><->
      
l.157 ... pose directly.  The function $\bar{bel}$
                                                   is the posterior knowledg...

Not a real error.

[55]
! Preview: Snippet 56 started.
<-><->
      
l.157 ...d on the prediction step.  The function $
                                                  bel$ is the posterior beli...

Not a real error.

! Preview: Snippet 56 ended.(546132+0x930966).
<-><->
      
l.157 ... the prediction step.  The function $bel$
                                                   is the posterior belief a...

Not a real error.

[56]

LaTeX Warning: Citation `UKF' on page 7 undefined on input line 159.

! Preview: Snippet 57 started.
<-><->
      
l.161 ...wo other functions, commonly denoted as $
                                                  g$ and $h$ with noise $\ep...

Not a real error.

! Preview: Snippet 57 ended.(338603+152916x396944).
<-><->
      
l.161 ... other functions, commonly denoted as $g$
                                                   and $h$ with noise $\epsi...

Not a real error.

[57]
! Preview: Snippet 58 started.
<-><->
      
l.161 ... functions, commonly denoted as $g$ and $
                                                  h$ with noise $\epsilon_t$...

Not a real error.

! Preview: Snippet 58 ended.(546132+0x443274).
<-><->
      
l.161 ...unctions, commonly denoted as $g$ and $h$
                                                   with noise $\epsilon_t$ a...

Not a real error.

[58]
! Preview: Snippet 59 started.
<-><->
      
l.161 ...monly denoted as $g$ and $h$ with noise $
                                                  \epsilon_t$ and $\delta_t$:
Not a real error.

! Preview: Snippet 59 ended.(338603+117964x544859).
<-><->
      
l.161 ...ed as $g$ and $h$ with noise $\epsilon_t$
                                                   and $\delta_t$:
Not a real error.

[59]
! Preview: Snippet 60 started.
<-><->
      
l.161 ...$g$ and $h$ with noise $\epsilon_t$ and $
                                                  \delta_t$:
Not a real error.

! Preview: Snippet 60 ended.(546132+117964x574985).
<-><->
      
l.161 ...h$ with noise $\epsilon_t$ and $\delta_t$
                                                  :
Not a real error.

[60]
! Preview: Snippet 61 started.
<-><->
      
l.162 \begin{equation}
                      \label{g}
Not a real error.

! Preview: Snippet 61 ended.(786432+0x25559040).
<-><->
      
l.164 \end{equation}
                    
Not a real error.

[61

]
! Preview: Snippet 62 started.
<-><->
      
l.166 \begin{equation}
                      \label{h}
Not a real error.

! Preview: Snippet 62 ended.(786432+0x25559040).
<-><->
      
l.168 \end{equation}
                    
Not a real error.

[62

]
! Preview: Snippet 63 started.
<-><->
      
l.170 ...erivate of both g and h with respect to $
                                                  x_{t-1}$.  In order to ens...

Not a real error.

! Preview: Snippet 63 ended.(338603+172580x1383320).
<-><->
      
l.170 ...of both g and h with respect to $x_{t-1}$
                                                  .  In order to ensure the ...

Not a real error.

[63]
! Preview: Snippet 64 started.
<-><->
      
l.170 ... the partial derivative is evaluated at $
                                                  \mu_{t-1}$ for both g and ...

Not a real error.

! Preview: Snippet 64 ended.(338603+172580x1409033).
<-><->
      
l.170 ...al derivative is evaluated at $\mu_{t-1}$
                                                   for both g and h.  These ...

Not a real error.

[64]
! Preview: Snippet 65 started.
<-><->
      
l.170 ...he Jacobians) of g and h, symbolized by $
                                                  \nabla g$ and $\nabla h$ r...

Not a real error.

! Preview: Snippet 65 ended.(537394+152916x1052306).
<-><->
      
l.170 ...ans) of g and h, symbolized by $\nabla g$
                                                   and $\nabla h$ respective...

Not a real error.

[65]
! Preview: Snippet 66 started.
<-><->
      
l.170 ...f g and h, symbolized by $\nabla g$ and $
                                                  \nabla h$ respectively.  N...

Not a real error.

! Preview: Snippet 66 ended.(546132+0x1098636).
<-><->
      
l.170 ..., symbolized by $\nabla g$ and $\nabla h$
                                                   respectively.  Note than ...

Not a real error.

[66]

LaTeX Warning: Citation `ThrunPR2005' on page 8 undefined on input line 170.


LaTeX Warning: Citation `Julier01acounter' on page 8 undefined on input line 17
4.


LaTeX Warning: Citation `BaileyNGSN06' on page 8 undefined on input line 174.


LaTeX Warning: Citation `Thrun02d' on page 8 undefined on input line 176.


LaTeX Warning: Citation `ThrunPR2005' on page 8 undefined on input line 178.


LaTeX Warning: Citation `montemerlo2003fastslam' on page 8 undefined on input l
ine 178.


LaTeX Warning: Citation `Thrun05GS' on page 9 undefined on input line 180.

! Preview: Snippet 67 started.
<-><->
      
l.183 \begin{equation}
                      \label{constraint1}
Not a real error.

! Preview: Snippet 67 ended.(879582+0x25559040).
<-><->
      
l.185 \end{equation}
                    
Not a real error.

[67

]
! Preview: Snippet 68 started.
<-><->
      
l.187 \begin{equation}
                      \label{constraint2}
Not a real error.

! Preview: Snippet 68 ended.(879582+0x25559040).
<-><->
      
l.189 \end{equation}
                    
Not a real error.

[68

]
! Preview: Snippet 69 started.
<-><->
      
l.190  where $
              z_t^i$ is the $i^{th}$ observation at time $t$, $Q$ is the mea...

Not a real error.

! Preview: Snippet 69 ended.(631990+194419x615183).
<-><->
      
l.190  where $z_t^i$
                     is the $i^{th}$ observation at time $t$, $Q$ is the mea...

Not a real error.

[69]
! Preview: Snippet 70 started.
<-><->
      
l.190  where $z_t^i$ is the $
                             i^{th}$ observation at time $t$, $Q$ is the mea...

Not a real error.

! Preview: Snippet 70 ended.(649479+0x817634).
<-><->
      
l.190  where $z_t^i$ is the $i^{th}$
                                     observation at time $t$, $Q$ is the mea...

Not a real error.

[70]
! Preview: Snippet 71 started.
<-><->
      
l.190 ...^i$ is the $i^{th}$ observation at time $
                                                  t$, $Q$ is the measurement...

Not a real error.

! Preview: Snippet 71 ended.(483719+0x278070).
<-><->
      
l.190 ...$ is the $i^{th}$ observation at time $t$
                                                  , $Q$ is the measurement c...

Not a real error.

[71]
! Preview: Snippet 72 started.
<-><->
      
l.190 ...s the $i^{th}$ observation at time $t$, $
                                                  Q$ is the measurement cova...

Not a real error.

! Preview: Snippet 72 ended.(537395+152916x609879).
<-><->
      
l.190 ...the $i^{th}$ observation at time $t$, $Q$
                                                   is the measurement covari...

Not a real error.

[72]
! Preview: Snippet 73 started.
<-><->
      
l.190 ...s the measurement covariance matrix and $
                                                  h$ is the measurement mode...

Not a real error.

! Preview: Snippet 73 ended.(546132+0x443274).
<-><->
      
l.190 ...the measurement covariance matrix and $h$
                                                   is the measurement model ...

Not a real error.

[73]
! Preview: Snippet 74 started.
<-><->
      
l.190 ...rement model in the first equation, and $
                                                  x_{t}$ is the robot pose a...

Not a real error.

! Preview: Snippet 74 ended.(338603+117964x671516).
<-><->
      
l.190 ... model in the first equation, and $x_{t}$
                                                   is the robot pose at time...

Not a real error.

[74]
! Preview: Snippet 75 started.
<-><->
      
l.190 ..., and $x_{t}$ is the robot pose at time $
                                                  t$, $R$ is the observation...

Not a real error.

! Preview: Snippet 75 ended.(483719+0x278070).
<-><->
      
l.190 ...and $x_{t}$ is the robot pose at time $t$
                                                  , $R$ is the observation c...

Not a real error.

[75]
! Preview: Snippet 76 started.
<-><->
      
l.190 ... $x_{t}$ is the robot pose at time $t$, $
                                                  R$ is the observation cova...

Not a real error.

! Preview: Snippet 76 ended.(537395+0x592596).
<-><->
      
l.190 ...x_{t}$ is the robot pose at time $t$, $R$
                                                   is the observation covari...

Not a real error.

[76]
! Preview: Snippet 77 started.
<-><->
      
l.190 ...s the observation covariance matrix and $
                                                  g$ is the motion model in ...

Not a real error.

! Preview: Snippet 77 ended.(338603+152916x396944).
<-><->
      
l.190 ...the observation covariance matrix and $g$
                                                   is the motion model in th...

Not a real error.

[77]

LaTeX Warning: Citation `Thrun05GS' on page 9 undefined on input line 192.

! Preview: Snippet 78 started.
<-><->
      
l.194 \section
              {State of the Art}
Not a real error.

! Preview: Snippet 78 ended.(786431+0x25559040).
<-><->
      
l.194 \section{State of the Art}
                                
Not a real error.

[78

]
! Preview: Snippet 79 started.
<-><->
      
l.196 Square Root Smoothing and Mapping ($
                                          \sqrt{SAM}$) is a full SLAM algori...

Not a real error.

! Preview: Snippet 79 ended.(725480+92407x2579101).
<-><->
      
l.196 ... Root Smoothing and Mapping ($\sqrt{SAM}$
                                                  ) is a full SLAM algorithm...

Not a real error.

[79]

LaTeX Warning: Citation `Dellaert06ijrr' on page 9 undefined on input line 196.


! Preview: Snippet 80 started.
<-><->
      
l.198 ...g and Mapping (iSAM) is an extension of $
                                                  \sqrt{SAM}$ that takes adv...

Not a real error.

! Preview: Snippet 80 ended.(725480+92407x2579101).
<-><->
      
l.198 ...ng (iSAM) is an extension of $\sqrt{SAM}$
                                                   that takes advantage of s...

Not a real error.

[80]

LaTeX Warning: Citation `Kaess08tro' on page 10 undefined on input line 198.


LaTeX Warning: Citation `Sunderhauf' on page 10 undefined on input line 200.


LaTeX Warning: Citation `huang2008iterated' on page 10 undefined on input line 
202.


LaTeX Warning: Citation `wang2007multi' on page 10 undefined on input line 206.



LaTeX Warning: Citation `multiSEIF' on page 10 undefined on input line 206.


LaTeX Warning: Citation `4399142' on page 10 undefined on input line 206.


LaTeX Warning: Citation `4543634' on page 10 undefined on input line 206.


LaTeX Warning: Citation `5509154' on page 10 undefined on input line 206.


! LaTeX Error: Can be used only in preamble.

See the LaTeX manual or LaTeX Companion for explanation.
Type  H <return>  for immediate help.
 ...                                              
                                                  
l.214 \documentclass
                    [12pt]{article}
Your command was ignored.
Type  I <command> <return>  to replace it with another command,
or  <return>  to continue without it.


! LaTeX Error: Can be used only in preamble.

See the LaTeX manual or LaTeX Companion for explanation.
Type  H <return>  for immediate help.
 ...                                              
                                                  
l.218 \begin{document}
                      
Your command was ignored.
Type  I <command> <return>  to replace it with another command,
or  <return>  to continue without it.

Missing character: There is no ‚ in font cmr10!
Missing character: There is no Ä in font cmr10!
Missing character: There is no ô in font cmr10!
! Preview: Snippet 81 started.
<-><->
      
l.225 \section
              {Introduction}
Not a real error.

! Preview: Snippet 81 ended.(786431+0x25559040).
<-><->
      
l.225 \section{Introduction}
                            
Not a real error.

[81

]

LaTeX Warning: Citation `cheeseman1987stochastic' on page 11 undefined on input
 line 226.

Missing character: There is no ‚ in font cmr12!
Missing character: There is no Ä in font cmr12!
Missing character: There is no ô in font cmr12!
! Preview: Snippet 82 started.
<-><->
      
l.232 \section
              {Technical Background}
Not a real error.

! Preview: Snippet 82 ended.(786431+220200x25559040).
<-><->
      
l.232 \section{Technical Background}
                                    
Not a real error.

[82

]
! Preview: Snippet 83 started.
<-><->
      
l.233 \subsection
                 { Least Squares Estimates }
Not a real error.

! Preview: Snippet 83 ended.(655359+183500x25559040).
<-><->
      
l.233 \subsection{ Least Squares Estimates }
                                            
Not a real error.

[83

]
! Preview: Snippet 84 started.
<-><->
      
l.237 $
       f(x_t-1,u)^TPf(x_t-1,u) + h(z)^TRh(z) $   TODO: Check this equation! ...

Not a real error.

! Preview: Snippet 84 ended.(643653+196608x13609961).
<-><->
      
l.237 $f(x_t-1,u)^TPf(x_t-1,u) + h(z)^TRh(z) $
                                                 TODO: Check this equation! ...

Not a real error.

[84]
! Preview: Snippet 85 started.
<-><->
      
l.241 \subsection
                 {Map Joining}
Not a real error.

! Preview: Snippet 85 ended.(655359+183500x25559040).
<-><->
      
l.241 \subsection{Map Joining}
                              
Not a real error.

[85

]
Missing character: There is no ‚ in font cmr12!
Missing character: There is no Ä in font cmr12!
Missing character: There is no ò in font cmr12!
Missing character: There is no ‚ in font cmr12!
Missing character: There is no Ä in font cmr12!
Missing character: There is no ô in font cmr12!
Missing character: There is no ‚ in font cmr12!
Missing character: There is no Ä in font cmr12!
Missing character: There is no ò in font cmr12!
Missing character: There is no ‚ in font cmr12!
Missing character: There is no Ä in font cmr12!
Missing character: There is no ô in font cmr12!

! Preview: Snippet 86 started.
<-><->
      
l.247 \subsection
                 { Spherical Matrices, One Step SLAM and Map Joining}
Not a real error.

! Preview: Snippet 86 ended.(1835007+183500x25559040).
<-><->
      
l.247 ... Matrices, One Step SLAM and Map Joining}
                                                  
Not a real error.

[86

]
Missing character: There is no ‚ in font cmr12!
Missing character: There is no Ü in font cmr12!
Missing character: There is no ê in font cmr12!

! Missing $ inserted.
<inserted text> 
                $
l.251 ...l positive, non-zero column vectors v, v^
                                                  T Mv > 0. This is to allow...
I've inserted a begin-math/end-math symbol since I think
you left one out. Proceed, with fingers crossed.

! Missing $ inserted.
<inserted text> 
                $
l.255 
      
I've inserted a begin-math/end-math symbol since I think
you left one out. Proceed, with fingers crossed.

! Preview: Snippet 87 started.
<-><->
      
l.256 \subsection
                 {SLAM and Machine Learning}
Not a real error.

! Preview: Snippet 87 ended.(655359+183500x25559040).
<-><->
      
l.256 \subsection{SLAM and Machine Learning}
                                            
Not a real error.

[87

]
Missing character: There is no ‚ in font cmr12!
Missing character: There is no Ä in font cmr12!
Missing character: There is no ô in font cmr12!

! Missing $ inserted.
<inserted text> 
                $
l.260 ...lems.  It begins with an initial guess x_
                                                  0 of a possible solution. ...
I've inserted a begin-math/end-math symbol since I think
you left one out. Proceed, with fingers crossed.

! Missing $ inserted.
<inserted text> 
                $
l.262 
      
I've inserted a begin-math/end-math symbol since I think
you left one out. Proceed, with fingers crossed.

! Preview: Snippet 88 started.
<-><->
      
l.263 \section
              {My Experiments}
Not a real error.

! Preview: Snippet 88 ended.(786431+220200x25559040).
<-><->
      
l.263 \section{My Experiments}
                              
Not a real error.

[88

]
! Preview: Snippet 89 started.
<-><->
      
l.264 \subsection
                 {The First Attempt}
Not a real error.

! Preview: Snippet 89 ended.(655359+183500x25559040).
<-><->
      
l.264 \subsection{The First Attempt}
                                    
Not a real error.

[89

]
Missing character: There is no ‚ in font cmr12!
Missing character: There is no Ä in font cmr12!
Missing character: There is no ô in font cmr12!

! Preview: Snippet 90 started.
<-><->
      
l.267 \subsection
                 {The Second Attempt}
Not a real error.

! Preview: Snippet 90 ended.(655359+183500x25559040).
<-><->
      
l.267 \subsection{The Second Attempt}
                                     
Not a real error.

[90

]
Missing character: There is no ‚ in font cmr12!
Missing character: There is no Ä in font cmr12!
Missing character: There is no ô in font cmr12!
Missing character: There is no ‚ in font cmr12!
Missing character: There is no Ä in font cmr12!
Missing character: There is no ô in font cmr12!
Missing character: There is no ‚ in font cmr12!
Missing character: There is no Ä in font cmr12!
Missing character: There is no ò in font cmr12!
Missing character: There is no ‚ in font cmr12!
Missing character: There is no Ä in font cmr12!
Missing character: There is no ô in font cmr12!

! Preview: Snippet 91 started.
<-><->
      
l.271 \subsection
                 {More to do}
Not a real error.

! Preview: Snippet 91 ended.(655359+0x25559040).
<-><->
      
l.271 \subsection{More to do}
                             
Not a real error.

[91

]

LaTeX Warning: There were undefined references.

 )
(\end occurred inside a group at level 1)

### semi simple group (level 1) entered at line 218 (\begingroup)
### bottom level 
Here is how much of TeX's memory you used:
 217 strings out of 493384
 3463 string characters out of 3140382
 64287 words of memory out of 3000000
 3809 multiletter control sequences out of 15000+200000
 10598 words of font info for 37 fonts, out of 3000000 for 9000
 831 hyphenation exceptions out of 8191
 22i,11n,22p,1112b,190s stack positions out of 5000i,500n,10000p,200000b,50000s
</usr/local/texlive/2011/texmf-dist/fonts/type1/public/amsfonts
/cm/cmbx12.pfb></usr/local/texlive/2011/texmf-dist/fonts/type1/public/amsfonts/
cm/cmex10.pfb></usr/local/texlive/2011/texmf-dist/fonts/type1/public/amsfonts/c
m/cmmi12.pfb></usr/local/texlive/2011/texmf-dist/fonts/type1/public/amsfonts/cm
/cmmi6.pfb></usr/local/texlive/2011/texmf-dist/fonts/type1/public/amsfonts/cm/c
mmi8.pfb></usr/local/texlive/2011/texmf-dist/fonts/type1/public/amsfonts/cm/cmr
12.pfb></usr/local/texlive/2011/texmf-dist/fonts/type1/public/amsfonts/cm/cmr8.
pfb></usr/local/texlive/2011/texmf-dist/fonts/type1/public/amsfonts/cm/cmsy10.p
fb></usr/local/texlive/2011/texmf-dist/fonts/type1/public/amsfonts/cm/cmsy8.pfb
>
Output written on thesis.pdf (91 pages, 111363 bytes).
PDF statistics:
 335 PDF objects out of 1000 (max. 8388607)
 230 compressed objects within 3 object streams
 0 named destinations out of 1000 (max. 500000)
 1 words of extra memory for PDF output out of 10000 (max. 10000000)

